0 info it worked if it ends with ok
1 verbose cli [ 'node', '/usr/local/bin/npm', 'install' ]
2 info using npm@2.1.10
3 info using node@v0.10.29
4 warn package.json prueba@0.0.0 No description
5 warn package.json prueba@0.0.0 No repository field.
6 warn package.json prueba@0.0.0 No README data
7 verbose install where, deps [ '/home/miguel/DeusCoNWeT/src/static',
7 verbose install   [ 'grunt',
7 verbose install     'grunt-autoprefixer',
7 verbose install     'grunt-concurrent',
7 verbose install     'grunt-contrib-clean',
7 verbose install     'grunt-contrib-concat',
7 verbose install     'grunt-contrib-connect',
7 verbose install     'grunt-contrib-copy',
7 verbose install     'grunt-contrib-cssmin',
7 verbose install     'grunt-contrib-htmlmin',
7 verbose install     'grunt-contrib-imagemin',
7 verbose install     'grunt-contrib-jshint',
7 verbose install     'grunt-contrib-uglify',
7 verbose install     'grunt-contrib-watch',
7 verbose install     'grunt-filerev',
7 verbose install     'grunt-google-cdn',
7 verbose install     'grunt-newer',
7 verbose install     'grunt-ng-annotate',
7 verbose install     'grunt-svgmin',
7 verbose install     'grunt-usemin',
7 verbose install     'grunt-wiredep',
7 verbose install     'jshint-stylish',
7 verbose install     'load-grunt-tasks',
7 verbose install     'time-grunt' ] ]
8 verbose install where, peers [ '/home/miguel/DeusCoNWeT/src/static', [] ]
9 info preinstall prueba@0.0.0
10 silly cache add args [ 'grunt-autoprefixer@^0.7.3', null ]
11 verbose cache add spec grunt-autoprefixer@^0.7.3
12 silly cache add parsed spec { raw: 'grunt-autoprefixer@^0.7.3',
12 silly cache add   scope: null,
12 silly cache add   name: 'grunt-autoprefixer',
12 silly cache add   rawSpec: '^0.7.3',
12 silly cache add   spec: '>=0.7.3 <0.8.0',
12 silly cache add   type: 'range' }
13 verbose addNamed grunt-autoprefixer@>=0.7.3 <0.8.0
14 silly addNamed semver.valid null
15 silly addNamed semver.validRange >=0.7.3 <0.8.0
16 silly addNameRange { name: 'grunt-autoprefixer',
16 silly addNameRange   range: '>=0.7.3 <0.8.0',
16 silly addNameRange   hasData: false }
17 silly mapToRegistry name grunt-autoprefixer
18 silly mapToRegistry using default registry
19 silly mapToRegistry registry https://registry.npmjs.org/
20 silly mapToRegistry uri https://registry.npmjs.org/grunt-autoprefixer
21 verbose addNameRange registry:https://registry.npmjs.org/grunt-autoprefixer not in flight; fetching
22 silly cache add args [ 'grunt-contrib-clean@^0.5.0', null ]
23 verbose cache add spec grunt-contrib-clean@^0.5.0
24 silly cache add args [ 'grunt-concurrent@^0.5.0', null ]
25 verbose cache add spec grunt-concurrent@^0.5.0
26 silly cache add args [ 'grunt-contrib-concat@^0.4.0', null ]
27 verbose cache add spec grunt-contrib-concat@^0.4.0
28 silly cache add args [ 'grunt-contrib-connect@^0.7.1', null ]
29 verbose cache add spec grunt-contrib-connect@^0.7.1
30 silly cache add args [ 'grunt-contrib-copy@^0.5.0', null ]
31 verbose cache add spec grunt-contrib-copy@^0.5.0
32 silly cache add parsed spec { raw: 'grunt-contrib-clean@^0.5.0',
32 silly cache add   scope: null,
32 silly cache add   name: 'grunt-contrib-clean',
32 silly cache add   rawSpec: '^0.5.0',
32 silly cache add   spec: '>=0.5.0 <0.6.0',
32 silly cache add   type: 'range' }
33 verbose addNamed grunt-contrib-clean@>=0.5.0 <0.6.0
34 silly addNamed semver.valid null
35 silly addNamed semver.validRange >=0.5.0 <0.6.0
36 silly addNameRange { name: 'grunt-contrib-clean',
36 silly addNameRange   range: '>=0.5.0 <0.6.0',
36 silly addNameRange   hasData: false }
37 silly mapToRegistry name grunt-contrib-clean
38 silly mapToRegistry using default registry
39 silly mapToRegistry registry https://registry.npmjs.org/
40 silly mapToRegistry uri https://registry.npmjs.org/grunt-contrib-clean
41 verbose addNameRange registry:https://registry.npmjs.org/grunt-contrib-clean not in flight; fetching
42 silly cache add parsed spec { raw: 'grunt-concurrent@^0.5.0',
42 silly cache add   scope: null,
42 silly cache add   name: 'grunt-concurrent',
42 silly cache add   rawSpec: '^0.5.0',
42 silly cache add   spec: '>=0.5.0 <0.6.0',
42 silly cache add   type: 'range' }
43 verbose addNamed grunt-concurrent@>=0.5.0 <0.6.0
44 silly addNamed semver.valid null
45 silly addNamed semver.validRange >=0.5.0 <0.6.0
46 silly addNameRange { name: 'grunt-concurrent',
46 silly addNameRange   range: '>=0.5.0 <0.6.0',
46 silly addNameRange   hasData: false }
47 silly mapToRegistry name grunt-concurrent
48 silly mapToRegistry using default registry
49 silly mapToRegistry registry https://registry.npmjs.org/
50 silly mapToRegistry uri https://registry.npmjs.org/grunt-concurrent
51 verbose addNameRange registry:https://registry.npmjs.org/grunt-concurrent not in flight; fetching
52 silly cache add parsed spec { raw: 'grunt-contrib-concat@^0.4.0',
52 silly cache add   scope: null,
52 silly cache add   name: 'grunt-contrib-concat',
52 silly cache add   rawSpec: '^0.4.0',
52 silly cache add   spec: '>=0.4.0 <0.5.0',
52 silly cache add   type: 'range' }
53 verbose addNamed grunt-contrib-concat@>=0.4.0 <0.5.0
54 silly addNamed semver.valid null
55 silly addNamed semver.validRange >=0.4.0 <0.5.0
56 silly addNameRange { name: 'grunt-contrib-concat',
56 silly addNameRange   range: '>=0.4.0 <0.5.0',
56 silly addNameRange   hasData: false }
57 silly mapToRegistry name grunt-contrib-concat
58 silly mapToRegistry using default registry
59 silly mapToRegistry registry https://registry.npmjs.org/
60 silly mapToRegistry uri https://registry.npmjs.org/grunt-contrib-concat
61 verbose addNameRange registry:https://registry.npmjs.org/grunt-contrib-concat not in flight; fetching
62 silly cache add parsed spec { raw: 'grunt-contrib-connect@^0.7.1',
62 silly cache add   scope: null,
62 silly cache add   name: 'grunt-contrib-connect',
62 silly cache add   rawSpec: '^0.7.1',
62 silly cache add   spec: '>=0.7.1 <0.8.0',
62 silly cache add   type: 'range' }
63 verbose addNamed grunt-contrib-connect@>=0.7.1 <0.8.0
64 silly addNamed semver.valid null
65 silly addNamed semver.validRange >=0.7.1 <0.8.0
66 silly addNameRange { name: 'grunt-contrib-connect',
66 silly addNameRange   range: '>=0.7.1 <0.8.0',
66 silly addNameRange   hasData: false }
67 silly mapToRegistry name grunt-contrib-connect
68 silly mapToRegistry using default registry
69 silly mapToRegistry registry https://registry.npmjs.org/
70 silly mapToRegistry uri https://registry.npmjs.org/grunt-contrib-connect
71 verbose addNameRange registry:https://registry.npmjs.org/grunt-contrib-connect not in flight; fetching
72 silly cache add args [ 'grunt-contrib-cssmin@^0.9.0', null ]
73 verbose cache add spec grunt-contrib-cssmin@^0.9.0
74 silly cache add args [ 'grunt-contrib-htmlmin@^0.3.0', null ]
75 verbose cache add spec grunt-contrib-htmlmin@^0.3.0
76 silly cache add args [ 'grunt-contrib-imagemin@^0.8.1', null ]
77 verbose cache add spec grunt-contrib-imagemin@^0.8.1
78 silly cache add parsed spec { raw: 'grunt-contrib-copy@^0.5.0',
78 silly cache add   scope: null,
78 silly cache add   name: 'grunt-contrib-copy',
78 silly cache add   rawSpec: '^0.5.0',
78 silly cache add   spec: '>=0.5.0 <0.6.0',
78 silly cache add   type: 'range' }
79 verbose addNamed grunt-contrib-copy@>=0.5.0 <0.6.0
80 silly addNamed semver.valid null
81 silly addNamed semver.validRange >=0.5.0 <0.6.0
82 silly addNameRange { name: 'grunt-contrib-copy',
82 silly addNameRange   range: '>=0.5.0 <0.6.0',
82 silly addNameRange   hasData: false }
83 silly mapToRegistry name grunt-contrib-copy
84 silly mapToRegistry using default registry
85 silly mapToRegistry registry https://registry.npmjs.org/
86 silly mapToRegistry uri https://registry.npmjs.org/grunt-contrib-copy
87 verbose addNameRange registry:https://registry.npmjs.org/grunt-contrib-copy not in flight; fetching
88 silly cache add args [ 'grunt-contrib-jshint@^0.10.0', null ]
89 verbose cache add spec grunt-contrib-jshint@^0.10.0
90 silly cache add args [ 'grunt-contrib-uglify@^0.4.0', null ]
91 verbose cache add spec grunt-contrib-uglify@^0.4.0
92 silly cache add args [ 'grunt-contrib-watch@^0.6.1', null ]
93 verbose cache add spec grunt-contrib-watch@^0.6.1
94 silly cache add args [ 'grunt-filerev@^0.2.1', null ]
95 verbose cache add spec grunt-filerev@^0.2.1
96 silly cache add args [ 'grunt-google-cdn@^0.4.0', null ]
97 verbose cache add spec grunt-google-cdn@^0.4.0
98 silly cache add args [ 'grunt-newer@^0.7.0', null ]
99 verbose cache add spec grunt-newer@^0.7.0
100 silly cache add args [ 'grunt-ng-annotate@^0.3.0', null ]
101 verbose cache add spec grunt-ng-annotate@^0.3.0
102 silly cache add args [ 'grunt-svgmin@^0.4.0', null ]
103 verbose cache add spec grunt-svgmin@^0.4.0
104 silly cache add args [ 'grunt-usemin@^2.1.1', null ]
105 verbose cache add spec grunt-usemin@^2.1.1
106 silly cache add args [ 'grunt-wiredep@^1.7.0', null ]
107 verbose cache add spec grunt-wiredep@^1.7.0
108 silly cache add args [ 'jshint-stylish@^0.2.0', null ]
109 verbose cache add spec jshint-stylish@^0.2.0
110 silly cache add args [ 'load-grunt-tasks@^0.4.0', null ]
111 verbose cache add spec load-grunt-tasks@^0.4.0
112 silly cache add args [ 'time-grunt@^0.3.1', null ]
113 verbose cache add spec time-grunt@^0.3.1
114 silly cache add args [ 'grunt@^0.4.1', null ]
115 verbose cache add spec grunt@^0.4.1
116 silly cache add parsed spec { raw: 'grunt-contrib-cssmin@^0.9.0',
116 silly cache add   scope: null,
116 silly cache add   name: 'grunt-contrib-cssmin',
116 silly cache add   rawSpec: '^0.9.0',
116 silly cache add   spec: '>=0.9.0 <0.10.0',
116 silly cache add   type: 'range' }
117 verbose addNamed grunt-contrib-cssmin@>=0.9.0 <0.10.0
118 silly addNamed semver.valid null
119 silly addNamed semver.validRange >=0.9.0 <0.10.0
120 silly addNameRange { name: 'grunt-contrib-cssmin',
120 silly addNameRange   range: '>=0.9.0 <0.10.0',
120 silly addNameRange   hasData: false }
121 silly mapToRegistry name grunt-contrib-cssmin
122 silly mapToRegistry using default registry
123 silly mapToRegistry registry https://registry.npmjs.org/
124 silly mapToRegistry uri https://registry.npmjs.org/grunt-contrib-cssmin
125 verbose addNameRange registry:https://registry.npmjs.org/grunt-contrib-cssmin not in flight; fetching
126 silly cache add parsed spec { raw: 'grunt-contrib-htmlmin@^0.3.0',
126 silly cache add   scope: null,
126 silly cache add   name: 'grunt-contrib-htmlmin',
126 silly cache add   rawSpec: '^0.3.0',
126 silly cache add   spec: '>=0.3.0 <0.4.0',
126 silly cache add   type: 'range' }
127 verbose addNamed grunt-contrib-htmlmin@>=0.3.0 <0.4.0
128 silly addNamed semver.valid null
129 silly addNamed semver.validRange >=0.3.0 <0.4.0
130 silly addNameRange { name: 'grunt-contrib-htmlmin',
130 silly addNameRange   range: '>=0.3.0 <0.4.0',
130 silly addNameRange   hasData: false }
131 silly mapToRegistry name grunt-contrib-htmlmin
132 silly mapToRegistry using default registry
133 silly mapToRegistry registry https://registry.npmjs.org/
134 silly mapToRegistry uri https://registry.npmjs.org/grunt-contrib-htmlmin
135 verbose addNameRange registry:https://registry.npmjs.org/grunt-contrib-htmlmin not in flight; fetching
136 silly cache add parsed spec { raw: 'grunt-contrib-imagemin@^0.8.1',
136 silly cache add   scope: null,
136 silly cache add   name: 'grunt-contrib-imagemin',
136 silly cache add   rawSpec: '^0.8.1',
136 silly cache add   spec: '>=0.8.1 <0.9.0',
136 silly cache add   type: 'range' }
137 verbose addNamed grunt-contrib-imagemin@>=0.8.1 <0.9.0
138 silly addNamed semver.valid null
139 silly addNamed semver.validRange >=0.8.1 <0.9.0
140 silly addNameRange { name: 'grunt-contrib-imagemin',
140 silly addNameRange   range: '>=0.8.1 <0.9.0',
140 silly addNameRange   hasData: false }
141 silly mapToRegistry name grunt-contrib-imagemin
142 silly mapToRegistry using default registry
143 silly mapToRegistry registry https://registry.npmjs.org/
144 silly mapToRegistry uri https://registry.npmjs.org/grunt-contrib-imagemin
145 verbose addNameRange registry:https://registry.npmjs.org/grunt-contrib-imagemin not in flight; fetching
146 silly cache add parsed spec { raw: 'grunt-contrib-jshint@^0.10.0',
146 silly cache add   scope: null,
146 silly cache add   name: 'grunt-contrib-jshint',
146 silly cache add   rawSpec: '^0.10.0',
146 silly cache add   spec: '>=0.10.0 <0.11.0',
146 silly cache add   type: 'range' }
147 verbose addNamed grunt-contrib-jshint@>=0.10.0 <0.11.0
148 silly addNamed semver.valid null
149 silly addNamed semver.validRange >=0.10.0 <0.11.0
150 silly addNameRange { name: 'grunt-contrib-jshint',
150 silly addNameRange   range: '>=0.10.0 <0.11.0',
150 silly addNameRange   hasData: false }
151 silly mapToRegistry name grunt-contrib-jshint
152 silly mapToRegistry using default registry
153 silly mapToRegistry registry https://registry.npmjs.org/
154 silly mapToRegistry uri https://registry.npmjs.org/grunt-contrib-jshint
155 verbose addNameRange registry:https://registry.npmjs.org/grunt-contrib-jshint not in flight; fetching
156 silly cache add parsed spec { raw: 'grunt-contrib-uglify@^0.4.0',
156 silly cache add   scope: null,
156 silly cache add   name: 'grunt-contrib-uglify',
156 silly cache add   rawSpec: '^0.4.0',
156 silly cache add   spec: '>=0.4.0 <0.5.0',
156 silly cache add   type: 'range' }
157 verbose addNamed grunt-contrib-uglify@>=0.4.0 <0.5.0
158 silly addNamed semver.valid null
159 silly addNamed semver.validRange >=0.4.0 <0.5.0
160 silly addNameRange { name: 'grunt-contrib-uglify',
160 silly addNameRange   range: '>=0.4.0 <0.5.0',
160 silly addNameRange   hasData: false }
161 silly mapToRegistry name grunt-contrib-uglify
162 silly mapToRegistry using default registry
163 silly mapToRegistry registry https://registry.npmjs.org/
164 silly mapToRegistry uri https://registry.npmjs.org/grunt-contrib-uglify
165 verbose addNameRange registry:https://registry.npmjs.org/grunt-contrib-uglify not in flight; fetching
166 silly cache add parsed spec { raw: 'grunt-contrib-watch@^0.6.1',
166 silly cache add   scope: null,
166 silly cache add   name: 'grunt-contrib-watch',
166 silly cache add   rawSpec: '^0.6.1',
166 silly cache add   spec: '>=0.6.1 <0.7.0',
166 silly cache add   type: 'range' }
167 verbose addNamed grunt-contrib-watch@>=0.6.1 <0.7.0
168 silly addNamed semver.valid null
169 silly addNamed semver.validRange >=0.6.1 <0.7.0
170 silly addNameRange { name: 'grunt-contrib-watch',
170 silly addNameRange   range: '>=0.6.1 <0.7.0',
170 silly addNameRange   hasData: false }
171 silly mapToRegistry name grunt-contrib-watch
172 silly mapToRegistry using default registry
173 silly mapToRegistry registry https://registry.npmjs.org/
174 silly mapToRegistry uri https://registry.npmjs.org/grunt-contrib-watch
175 verbose addNameRange registry:https://registry.npmjs.org/grunt-contrib-watch not in flight; fetching
176 silly cache add parsed spec { raw: 'grunt-filerev@^0.2.1',
176 silly cache add   scope: null,
176 silly cache add   name: 'grunt-filerev',
176 silly cache add   rawSpec: '^0.2.1',
176 silly cache add   spec: '>=0.2.1 <0.3.0',
176 silly cache add   type: 'range' }
177 verbose addNamed grunt-filerev@>=0.2.1 <0.3.0
178 silly addNamed semver.valid null
179 silly addNamed semver.validRange >=0.2.1 <0.3.0
180 silly addNameRange { name: 'grunt-filerev',
180 silly addNameRange   range: '>=0.2.1 <0.3.0',
180 silly addNameRange   hasData: false }
181 silly mapToRegistry name grunt-filerev
182 silly mapToRegistry using default registry
183 silly mapToRegistry registry https://registry.npmjs.org/
184 silly mapToRegistry uri https://registry.npmjs.org/grunt-filerev
185 verbose addNameRange registry:https://registry.npmjs.org/grunt-filerev not in flight; fetching
186 silly cache add parsed spec { raw: 'grunt-google-cdn@^0.4.0',
186 silly cache add   scope: null,
186 silly cache add   name: 'grunt-google-cdn',
186 silly cache add   rawSpec: '^0.4.0',
186 silly cache add   spec: '>=0.4.0 <0.5.0',
186 silly cache add   type: 'range' }
187 verbose addNamed grunt-google-cdn@>=0.4.0 <0.5.0
188 silly addNamed semver.valid null
189 silly addNamed semver.validRange >=0.4.0 <0.5.0
190 silly addNameRange { name: 'grunt-google-cdn',
190 silly addNameRange   range: '>=0.4.0 <0.5.0',
190 silly addNameRange   hasData: false }
191 silly mapToRegistry name grunt-google-cdn
192 silly mapToRegistry using default registry
193 silly mapToRegistry registry https://registry.npmjs.org/
194 silly mapToRegistry uri https://registry.npmjs.org/grunt-google-cdn
195 verbose addNameRange registry:https://registry.npmjs.org/grunt-google-cdn not in flight; fetching
196 silly cache add parsed spec { raw: 'grunt-newer@^0.7.0',
196 silly cache add   scope: null,
196 silly cache add   name: 'grunt-newer',
196 silly cache add   rawSpec: '^0.7.0',
196 silly cache add   spec: '>=0.7.0 <0.8.0',
196 silly cache add   type: 'range' }
197 verbose addNamed grunt-newer@>=0.7.0 <0.8.0
198 silly addNamed semver.valid null
199 silly addNamed semver.validRange >=0.7.0 <0.8.0
200 silly addNameRange { name: 'grunt-newer', range: '>=0.7.0 <0.8.0', hasData: false }
201 silly mapToRegistry name grunt-newer
202 silly mapToRegistry using default registry
203 silly mapToRegistry registry https://registry.npmjs.org/
204 silly mapToRegistry uri https://registry.npmjs.org/grunt-newer
205 verbose addNameRange registry:https://registry.npmjs.org/grunt-newer not in flight; fetching
206 silly cache add parsed spec { raw: 'grunt-ng-annotate@^0.3.0',
206 silly cache add   scope: null,
206 silly cache add   name: 'grunt-ng-annotate',
206 silly cache add   rawSpec: '^0.3.0',
206 silly cache add   spec: '>=0.3.0 <0.4.0',
206 silly cache add   type: 'range' }
207 verbose addNamed grunt-ng-annotate@>=0.3.0 <0.4.0
208 silly addNamed semver.valid null
209 silly addNamed semver.validRange >=0.3.0 <0.4.0
210 silly addNameRange { name: 'grunt-ng-annotate',
210 silly addNameRange   range: '>=0.3.0 <0.4.0',
210 silly addNameRange   hasData: false }
211 silly mapToRegistry name grunt-ng-annotate
212 silly mapToRegistry using default registry
213 silly mapToRegistry registry https://registry.npmjs.org/
214 silly mapToRegistry uri https://registry.npmjs.org/grunt-ng-annotate
215 verbose addNameRange registry:https://registry.npmjs.org/grunt-ng-annotate not in flight; fetching
216 silly cache add parsed spec { raw: 'grunt-svgmin@^0.4.0',
216 silly cache add   scope: null,
216 silly cache add   name: 'grunt-svgmin',
216 silly cache add   rawSpec: '^0.4.0',
216 silly cache add   spec: '>=0.4.0 <0.5.0',
216 silly cache add   type: 'range' }
217 verbose addNamed grunt-svgmin@>=0.4.0 <0.5.0
218 silly addNamed semver.valid null
219 silly addNamed semver.validRange >=0.4.0 <0.5.0
220 silly addNameRange { name: 'grunt-svgmin', range: '>=0.4.0 <0.5.0', hasData: false }
221 silly mapToRegistry name grunt-svgmin
222 silly mapToRegistry using default registry
223 silly mapToRegistry registry https://registry.npmjs.org/
224 silly mapToRegistry uri https://registry.npmjs.org/grunt-svgmin
225 verbose addNameRange registry:https://registry.npmjs.org/grunt-svgmin not in flight; fetching
226 silly cache add parsed spec { raw: 'grunt-usemin@^2.1.1',
226 silly cache add   scope: null,
226 silly cache add   name: 'grunt-usemin',
226 silly cache add   rawSpec: '^2.1.1',
226 silly cache add   spec: '>=2.1.1 <3.0.0',
226 silly cache add   type: 'range' }
227 verbose addNamed grunt-usemin@>=2.1.1 <3.0.0
228 silly addNamed semver.valid null
229 silly addNamed semver.validRange >=2.1.1 <3.0.0
230 silly addNameRange { name: 'grunt-usemin', range: '>=2.1.1 <3.0.0', hasData: false }
231 silly mapToRegistry name grunt-usemin
232 silly mapToRegistry using default registry
233 silly mapToRegistry registry https://registry.npmjs.org/
234 silly mapToRegistry uri https://registry.npmjs.org/grunt-usemin
235 verbose addNameRange registry:https://registry.npmjs.org/grunt-usemin not in flight; fetching
236 silly cache add parsed spec { raw: 'grunt-wiredep@^1.7.0',
236 silly cache add   scope: null,
236 silly cache add   name: 'grunt-wiredep',
236 silly cache add   rawSpec: '^1.7.0',
236 silly cache add   spec: '>=1.7.0 <2.0.0',
236 silly cache add   type: 'range' }
237 verbose addNamed grunt-wiredep@>=1.7.0 <2.0.0
238 silly addNamed semver.valid null
239 silly addNamed semver.validRange >=1.7.0 <2.0.0
240 silly addNameRange { name: 'grunt-wiredep',
240 silly addNameRange   range: '>=1.7.0 <2.0.0',
240 silly addNameRange   hasData: false }
241 silly mapToRegistry name grunt-wiredep
242 silly mapToRegistry using default registry
243 silly mapToRegistry registry https://registry.npmjs.org/
244 silly mapToRegistry uri https://registry.npmjs.org/grunt-wiredep
245 verbose addNameRange registry:https://registry.npmjs.org/grunt-wiredep not in flight; fetching
246 silly cache add parsed spec { raw: 'jshint-stylish@^0.2.0',
246 silly cache add   scope: null,
246 silly cache add   name: 'jshint-stylish',
246 silly cache add   rawSpec: '^0.2.0',
246 silly cache add   spec: '>=0.2.0 <0.3.0',
246 silly cache add   type: 'range' }
247 verbose addNamed jshint-stylish@>=0.2.0 <0.3.0
248 silly addNamed semver.valid null
249 silly addNamed semver.validRange >=0.2.0 <0.3.0
250 silly addNameRange { name: 'jshint-stylish',
250 silly addNameRange   range: '>=0.2.0 <0.3.0',
250 silly addNameRange   hasData: false }
251 silly mapToRegistry name jshint-stylish
252 silly mapToRegistry using default registry
253 silly mapToRegistry registry https://registry.npmjs.org/
254 silly mapToRegistry uri https://registry.npmjs.org/jshint-stylish
255 verbose addNameRange registry:https://registry.npmjs.org/jshint-stylish not in flight; fetching
256 silly cache add parsed spec { raw: 'load-grunt-tasks@^0.4.0',
256 silly cache add   scope: null,
256 silly cache add   name: 'load-grunt-tasks',
256 silly cache add   rawSpec: '^0.4.0',
256 silly cache add   spec: '>=0.4.0 <0.5.0',
256 silly cache add   type: 'range' }
257 verbose addNamed load-grunt-tasks@>=0.4.0 <0.5.0
258 silly addNamed semver.valid null
259 silly addNamed semver.validRange >=0.4.0 <0.5.0
260 silly addNameRange { name: 'load-grunt-tasks',
260 silly addNameRange   range: '>=0.4.0 <0.5.0',
260 silly addNameRange   hasData: false }
261 silly mapToRegistry name load-grunt-tasks
262 silly mapToRegistry using default registry
263 silly mapToRegistry registry https://registry.npmjs.org/
264 silly mapToRegistry uri https://registry.npmjs.org/load-grunt-tasks
265 verbose addNameRange registry:https://registry.npmjs.org/load-grunt-tasks not in flight; fetching
266 silly cache add parsed spec { raw: 'time-grunt@^0.3.1',
266 silly cache add   scope: null,
266 silly cache add   name: 'time-grunt',
266 silly cache add   rawSpec: '^0.3.1',
266 silly cache add   spec: '>=0.3.1 <0.4.0',
266 silly cache add   type: 'range' }
267 verbose addNamed time-grunt@>=0.3.1 <0.4.0
268 silly addNamed semver.valid null
269 silly addNamed semver.validRange >=0.3.1 <0.4.0
270 silly addNameRange { name: 'time-grunt', range: '>=0.3.1 <0.4.0', hasData: false }
271 silly mapToRegistry name time-grunt
272 silly mapToRegistry using default registry
273 silly mapToRegistry registry https://registry.npmjs.org/
274 silly mapToRegistry uri https://registry.npmjs.org/time-grunt
275 verbose addNameRange registry:https://registry.npmjs.org/time-grunt not in flight; fetching
276 silly cache add parsed spec { raw: 'grunt@^0.4.1',
276 silly cache add   scope: null,
276 silly cache add   name: 'grunt',
276 silly cache add   rawSpec: '^0.4.1',
276 silly cache add   spec: '>=0.4.1 <0.5.0',
276 silly cache add   type: 'range' }
277 verbose addNamed grunt@>=0.4.1 <0.5.0
278 silly addNamed semver.valid null
279 silly addNamed semver.validRange >=0.4.1 <0.5.0
280 silly addNameRange { name: 'grunt', range: '>=0.4.1 <0.5.0', hasData: false }
281 silly mapToRegistry name grunt
282 silly mapToRegistry using default registry
283 silly mapToRegistry registry https://registry.npmjs.org/
284 silly mapToRegistry uri https://registry.npmjs.org/grunt
285 verbose addNameRange registry:https://registry.npmjs.org/grunt not in flight; fetching
286 verbose request uri https://registry.npmjs.org/grunt-autoprefixer
287 verbose request no auth needed
288 info attempt registry request try #1 at 13:23:07
289 verbose request id 4bf9173a99765120
290 verbose etag "8785KU0VDG930W7HT4D7KBGC5"
291 http request GET https://registry.npmjs.org/grunt-autoprefixer
292 verbose request uri https://registry.npmjs.org/grunt-contrib-cssmin
293 verbose request no auth needed
294 info attempt registry request try #1 at 13:23:07
295 verbose etag "8P0PA8V70EEA0IE25WSDWDLZU"
296 http request GET https://registry.npmjs.org/grunt-contrib-cssmin
297 verbose request uri https://registry.npmjs.org/grunt-contrib-connect
298 verbose request no auth needed
299 info attempt registry request try #1 at 13:23:07
300 verbose etag "5G2531O493WZF5XLMKZH1Z89O"
301 http request GET https://registry.npmjs.org/grunt-contrib-connect
302 verbose request uri https://registry.npmjs.org/grunt-contrib-imagemin
303 verbose request no auth needed
304 info attempt registry request try #1 at 13:23:07
305 verbose etag "54VEZN6ADGM15AP47Z75JSDJZ"
306 http request GET https://registry.npmjs.org/grunt-contrib-imagemin
307 verbose request uri https://registry.npmjs.org/grunt-contrib-jshint
308 verbose request no auth needed
309 info attempt registry request try #1 at 13:23:07
310 verbose etag "3B054BNR14NNR5LKL5HKLXCBC"
311 http request GET https://registry.npmjs.org/grunt-contrib-jshint
312 verbose request uri https://registry.npmjs.org/grunt-contrib-watch
313 verbose request no auth needed
314 info attempt registry request try #1 at 13:23:07
315 verbose etag "9VK9QO2HBHBA4IM6UAGWTQBPP"
316 http request GET https://registry.npmjs.org/grunt-contrib-watch
317 verbose request uri https://registry.npmjs.org/grunt-contrib-uglify
318 verbose request no auth needed
319 info attempt registry request try #1 at 13:23:07
320 verbose etag "1GBDJ7PI5ZL3RMEPHXRUEYXZ1"
321 http request GET https://registry.npmjs.org/grunt-contrib-uglify
322 verbose request uri https://registry.npmjs.org/grunt-contrib-concat
323 verbose request no auth needed
324 info attempt registry request try #1 at 13:23:07
325 verbose etag "1QMR97Q6EA4ILR7008IZ3JBRZ"
326 http request GET https://registry.npmjs.org/grunt-contrib-concat
327 verbose request uri https://registry.npmjs.org/grunt-contrib-clean
328 verbose request no auth needed
329 info attempt registry request try #1 at 13:23:07
330 verbose etag "7PCJ1O4AL08R7TZSLSBZ2360Y"
331 http request GET https://registry.npmjs.org/grunt-contrib-clean
332 verbose request uri https://registry.npmjs.org/grunt-contrib-copy
333 verbose request no auth needed
334 info attempt registry request try #1 at 13:23:07
335 verbose etag "54LT8FQ01UGZXFGEJ2MY5WMY6"
336 http request GET https://registry.npmjs.org/grunt-contrib-copy
337 verbose request uri https://registry.npmjs.org/grunt-concurrent
338 verbose request no auth needed
339 info attempt registry request try #1 at 13:23:07
340 verbose etag "9BAG1N5Z8NG8E81A77LGA3ZTB"
341 http request GET https://registry.npmjs.org/grunt-concurrent
342 verbose request uri https://registry.npmjs.org/grunt-contrib-htmlmin
343 verbose request no auth needed
344 info attempt registry request try #1 at 13:23:07
345 verbose etag "5YQIVN76AZXRPCDH82M4KZZ5V"
346 http request GET https://registry.npmjs.org/grunt-contrib-htmlmin
347 verbose request uri https://registry.npmjs.org/grunt-google-cdn
348 verbose request no auth needed
349 info attempt registry request try #1 at 13:23:07
350 verbose etag "98AMV143LFZ81CXMJP6SGCNQT"
351 http request GET https://registry.npmjs.org/grunt-google-cdn
352 verbose request uri https://registry.npmjs.org/grunt-filerev
353 verbose request no auth needed
354 info attempt registry request try #1 at 13:23:07
355 verbose etag "A3KP34U5UXIHCRAMZSLRL05CW"
356 http request GET https://registry.npmjs.org/grunt-filerev
357 verbose request uri https://registry.npmjs.org/jshint-stylish
358 verbose request no auth needed
359 info attempt registry request try #1 at 13:23:07
360 verbose etag "1KHQGNIJLB3HUS8Q6WECPDC00"
361 http request GET https://registry.npmjs.org/jshint-stylish
362 verbose request uri https://registry.npmjs.org/grunt-newer
363 verbose request no auth needed
364 info attempt registry request try #1 at 13:23:07
365 verbose etag "E47FNUIE3MBKI3MRN9764I3E9"
366 http request GET https://registry.npmjs.org/grunt-newer
367 verbose request uri https://registry.npmjs.org/time-grunt
368 verbose request no auth needed
369 info attempt registry request try #1 at 13:23:07
370 verbose etag "8X0YZ0ZW5HY40TYLQJXG3IDPU"
371 http request GET https://registry.npmjs.org/time-grunt
372 verbose request uri https://registry.npmjs.org/grunt-usemin
373 verbose request no auth needed
374 info attempt registry request try #1 at 13:23:07
375 verbose etag "HFRNS82UDEQPCBVJ7EPNLWPS"
376 http request GET https://registry.npmjs.org/grunt-usemin
377 verbose request uri https://registry.npmjs.org/grunt
378 verbose request no auth needed
379 info attempt registry request try #1 at 13:23:07
380 verbose etag "4VR72TK1ZNP900BFH8WU3Z2W8"
381 http request GET https://registry.npmjs.org/grunt
382 verbose request uri https://registry.npmjs.org/load-grunt-tasks
383 verbose request no auth needed
384 info attempt registry request try #1 at 13:23:07
385 verbose etag "EBDEC82SGMGDM9CXLHPE842B"
386 http request GET https://registry.npmjs.org/load-grunt-tasks
387 verbose request uri https://registry.npmjs.org/grunt-ng-annotate
388 verbose request no auth needed
389 info attempt registry request try #1 at 13:23:07
390 verbose etag "26WWM1QCBBLUGV5T3VEQ5D14A"
391 http request GET https://registry.npmjs.org/grunt-ng-annotate
392 verbose request uri https://registry.npmjs.org/grunt-svgmin
393 verbose request no auth needed
394 info attempt registry request try #1 at 13:23:07
395 verbose etag "80KQF6L7C1HKB1NGIBSJUQ1PM"
396 http request GET https://registry.npmjs.org/grunt-svgmin
397 verbose request uri https://registry.npmjs.org/grunt-wiredep
398 verbose request no auth needed
399 info attempt registry request try #1 at 13:23:07
400 verbose etag "34K7NTKG9YRIN1GI2RGNLG556"
401 http request GET https://registry.npmjs.org/grunt-wiredep
402 http 200 https://registry.npmjs.org/grunt-contrib-imagemin
403 silly get cb [ 200,
403 silly get   { server: 'CouchDB/1.5.0 (Erlang OTP/R16B03)',
403 silly get     etag: '"4Z8SR7IATELWNMGE32496GUQG"',
403 silly get     'content-type': 'application/json',
403 silly get     'cache-control': 'max-age=60',
403 silly get     'content-length': '56492',
403 silly get     'accept-ranges': 'bytes',
403 silly get     date: 'Mon, 13 Jul 2015 11:23:06 GMT',
403 silly get     via: '1.1 varnish',
403 silly get     age: '41',
403 silly get     connection: 'keep-alive',
403 silly get     'x-served-by': 'cache-lhr6335-LHR',
403 silly get     'x-cache': 'HIT',
403 silly get     'x-cache-hits': '1',
403 silly get     'x-timer': 'S1436786586.981936,VS0,VE1',
403 silly get     vary: 'Accept' } ]
404 silly addNameRange number 2 { name: 'grunt-contrib-imagemin',
404 silly addNameRange   range: '>=0.8.1 <0.9.0',
404 silly addNameRange   hasData: true }
405 silly addNameRange versions [ 'grunt-contrib-imagemin',
405 silly addNameRange   [ '0.1.0',
405 silly addNameRange     '0.1.1',
405 silly addNameRange     '0.1.2',
405 silly addNameRange     '0.1.3',
405 silly addNameRange     '0.1.4',
405 silly addNameRange     '0.1.1-rc7',
405 silly addNameRange     '0.1.1-rc8',
405 silly addNameRange     '0.2.0',
405 silly addNameRange     '0.2.1',
405 silly addNameRange     '0.3.0',
405 silly addNameRange     '0.4.0',
405 silly addNameRange     '0.4.1',
405 silly addNameRange     '0.5.0',
405 silly addNameRange     '0.6.0',
405 silly addNameRange     '0.6.1',
405 silly addNameRange     '0.7.0',
405 silly addNameRange     '0.7.1',
405 silly addNameRange     '0.7.2',
405 silly addNameRange     '0.8.0',
405 silly addNameRange     '0.8.1',
405 silly addNameRange     '0.9.0',
405 silly addNameRange     '0.9.1',
405 silly addNameRange     '0.9.2',
405 silly addNameRange     '0.9.3',
405 silly addNameRange     '0.9.4' ] ]
406 verbose addNamed grunt-contrib-imagemin@0.8.1
407 silly addNamed semver.valid 0.8.1
408 silly addNamed semver.validRange 0.8.1
409 http 200 https://registry.npmjs.org/grunt-contrib-connect
410 silly get cb [ 200,
410 silly get   { server: 'CouchDB/1.5.0 (Erlang OTP/R16B03)',
410 silly get     etag: '"CC601ZEWTB5F0WNIW32ZK3GGW"',
410 silly get     'content-type': 'application/json',
410 silly get     'cache-control': 'max-age=60',
410 silly get     'content-length': '46298',
410 silly get     'accept-ranges': 'bytes',
410 silly get     date: 'Mon, 13 Jul 2015 11:23:06 GMT',
410 silly get     via: '1.1 varnish',
410 silly get     age: '26',
410 silly get     connection: 'keep-alive',
410 silly get     'x-served-by': 'cache-lhr6322-LHR',
410 silly get     'x-cache': 'HIT',
410 silly get     'x-cache-hits': '1',
410 silly get     'x-timer': 'S1436786586.991943,VS0,VE1',
410 silly get     vary: 'Accept' } ]
411 silly addNameRange number 2 { name: 'grunt-contrib-connect',
411 silly addNameRange   range: '>=0.7.1 <0.8.0',
411 silly addNameRange   hasData: true }
412 silly addNameRange versions [ 'grunt-contrib-connect',
412 silly addNameRange   [ '0.1.0',
412 silly addNameRange     '0.1.1',
412 silly addNameRange     '0.1.2',
412 silly addNameRange     '0.2.0',
412 silly addNameRange     '0.3.0',
412 silly addNameRange     '0.4.0',
412 silly addNameRange     '0.4.1',
412 silly addNameRange     '0.4.2',
412 silly addNameRange     '0.5.0',
412 silly addNameRange     '0.6.0',
412 silly addNameRange     '0.7.0',
412 silly addNameRange     '0.7.1',
412 silly addNameRange     '0.8.0',
412 silly addNameRange     '0.9.0',
412 silly addNameRange     '0.10.0',
412 silly addNameRange     '0.10.1',
412 silly addNameRange     '0.1.1-rc6' ] ]
413 verbose addNamed grunt-contrib-connect@0.7.1
414 silly addNamed semver.valid 0.7.1
415 silly addNamed semver.validRange 0.7.1
416 http 200 https://registry.npmjs.org/grunt-contrib-jshint
417 silly get cb [ 200,
417 silly get   { server: 'CouchDB/1.5.0 (Erlang OTP/R16B03)',
417 silly get     etag: '"1RL217OCKICWQPIHQCUIDBRV4"',
417 silly get     'content-type': 'application/json',
417 silly get     'cache-control': 'max-age=60',
417 silly get     'content-length': '59265',
417 silly get     'accept-ranges': 'bytes',
417 silly get     date: 'Mon, 13 Jul 2015 11:23:07 GMT',
417 silly get     via: '1.1 varnish',
417 silly get     age: '38',
417 silly get     connection: 'keep-alive',
417 silly get     'x-served-by': 'cache-lhr6326-LHR',
417 silly get     'x-cache': 'HIT',
417 silly get     'x-cache-hits': '1',
417 silly get     'x-timer': 'S1436786587.000476,VS0,VE1',
417 silly get     vary: 'Accept' } ]
418 silly addNameRange number 2 { name: 'grunt-contrib-jshint',
418 silly addNameRange   range: '>=0.10.0 <0.11.0',
418 silly addNameRange   hasData: true }
419 silly addNameRange versions [ 'grunt-contrib-jshint',
419 silly addNameRange   [ '0.1.0',
419 silly addNameRange     '0.1.1',
419 silly addNameRange     '0.2.0',
419 silly addNameRange     '0.3.0',
419 silly addNameRange     '0.4.0',
419 silly addNameRange     '0.4.1',
419 silly addNameRange     '0.4.2',
419 silly addNameRange     '0.4.3',
419 silly addNameRange     '0.5.0',
419 silly addNameRange     '0.5.1',
419 silly addNameRange     '0.5.2',
419 silly addNameRange     '0.5.3',
419 silly addNameRange     '0.5.4',
419 silly addNameRange     '0.6.0',
419 silly addNameRange     '0.6.1',
419 silly addNameRange     '0.6.2',
419 silly addNameRange     '0.6.3',
419 silly addNameRange     '0.6.4',
419 silly addNameRange     '0.6.5',
419 silly addNameRange     '0.7.0',
419 silly addNameRange     '0.7.1',
419 silly addNameRange     '0.7.2',
419 silly addNameRange     '0.8.0',
419 silly addNameRange     '0.9.0',
419 silly addNameRange     '0.9.1',
419 silly addNameRange     '0.9.2',
419 silly addNameRange     '0.10.0',
419 silly addNameRange     '0.11.0',
419 silly addNameRange     '0.11.1',
419 silly addNameRange     '0.11.2',
419 silly addNameRange     '0.1.1-rc5',
419 silly addNameRange     '0.1.1-rc6' ] ]
420 verbose addNamed grunt-contrib-jshint@0.10.0
421 silly addNamed semver.valid 0.10.0
422 silly addNamed semver.validRange 0.10.0
423 silly cache afterAdd grunt-contrib-connect@0.7.1
424 verbose afterAdd /home/miguel/.npm/grunt-contrib-connect/0.7.1/package/package.json not in flight; writing
425 verbose afterAdd /home/miguel/.npm/grunt-contrib-connect/0.7.1/package/package.json written
426 http 200 https://registry.npmjs.org/grunt-contrib-concat
427 silly get cb [ 200,
427 silly get   { server: 'CouchDB/1.5.0 (Erlang OTP/R16B03)',
427 silly get     etag: '"C0V14MCY81R3A34U17C8XN3O"',
427 silly get     'content-type': 'application/json',
427 silly get     'cache-control': 'max-age=60',
427 silly get     'content-length': '30034',
427 silly get     'accept-ranges': 'bytes',
427 silly get     date: 'Mon, 13 Jul 2015 11:23:07 GMT',
427 silly get     via: '1.1 varnish',
427 silly get     age: '38',
427 silly get     connection: 'keep-alive',
427 silly get     'x-served-by': 'cache-lhr6326-LHR',
427 silly get     'x-cache': 'HIT',
427 silly get     'x-cache-hits': '1',
427 silly get     'x-timer': 'S1436786587.081476,VS0,VE0',
427 silly get     vary: 'Accept' } ]
428 http 200 https://registry.npmjs.org/grunt-contrib-cssmin
429 silly get cb [ 200,
429 silly get   { server: 'CouchDB/1.5.0 (Erlang OTP/R16B03)',
429 silly get     etag: '"15Y48HQ8CNF7KN08JCBYDQ5UX"',
429 silly get     'content-type': 'application/json',
429 silly get     'cache-control': 'max-age=60',
429 silly get     'content-length': '35442',
429 silly get     'accept-ranges': 'bytes',
429 silly get     date: 'Mon, 13 Jul 2015 11:23:07 GMT',
429 silly get     via: '1.1 varnish',
429 silly get     age: '57',
429 silly get     connection: 'keep-alive',
429 silly get     'x-served-by': 'cache-lcy1124-LCY',
429 silly get     'x-cache': 'HIT',
429 silly get     'x-cache-hits': '1',
429 silly get     'x-timer': 'S1436786587.023897,VS0,VE2',
429 silly get     vary: 'Accept' } ]
430 silly addNameRange number 2 { name: 'grunt-contrib-concat',
430 silly addNameRange   range: '>=0.4.0 <0.5.0',
430 silly addNameRange   hasData: true }
431 silly addNameRange versions [ 'grunt-contrib-concat',
431 silly addNameRange   [ '0.1.0',
431 silly addNameRange     '0.1.1',
431 silly addNameRange     '0.1.2',
431 silly addNameRange     '0.1.3',
431 silly addNameRange     '0.2.0',
431 silly addNameRange     '0.3.0',
431 silly addNameRange     '0.4.0',
431 silly addNameRange     '0.5.0',
431 silly addNameRange     '0.5.1',
431 silly addNameRange     '0.1.2-rc5',
431 silly addNameRange     '0.1.2-rc6' ] ]
432 verbose addNamed grunt-contrib-concat@0.4.0
433 silly addNamed semver.valid 0.4.0
434 silly addNamed semver.validRange 0.4.0
435 silly addNameRange number 2 { name: 'grunt-contrib-cssmin',
435 silly addNameRange   range: '>=0.9.0 <0.10.0',
435 silly addNameRange   hasData: true }
436 silly addNameRange versions [ 'grunt-contrib-cssmin',
436 silly addNameRange   [ '0.4.0',
436 silly addNameRange     '0.4.1',
436 silly addNameRange     '0.4.2',
436 silly addNameRange     '0.5.0',
436 silly addNameRange     '0.6.0',
436 silly addNameRange     '0.6.1',
436 silly addNameRange     '0.6.2',
436 silly addNameRange     '0.7.0',
436 silly addNameRange     '0.8.0',
436 silly addNameRange     '0.9.0',
436 silly addNameRange     '0.10.0',
436 silly addNameRange     '0.11.0',
436 silly addNameRange     '0.12.0',
436 silly addNameRange     '0.12.1',
436 silly addNameRange     '0.12.2',
436 silly addNameRange     '0.12.3' ] ]
437 verbose addNamed grunt-contrib-cssmin@0.9.0
438 silly addNamed semver.valid 0.9.0
439 silly addNamed semver.validRange 0.9.0
440 http 200 https://registry.npmjs.org/grunt-contrib-watch
441 silly get cb [ 200,
441 silly get   { server: 'CouchDB/1.5.0 (Erlang OTP/R16B03)',
441 silly get     etag: '"COJ0NOPWWND6H12L0AIXS3KG1"',
441 silly get     'content-type': 'application/json',
441 silly get     'cache-control': 'max-age=60',
441 silly get     'content-length': '58689',
441 silly get     'accept-ranges': 'bytes',
441 silly get     date: 'Mon, 13 Jul 2015 11:23:07 GMT',
441 silly get     via: '1.1 varnish',
441 silly get     age: '38',
441 silly get     connection: 'keep-alive',
441 silly get     'x-served-by': 'cache-lhr6335-LHR',
441 silly get     'x-cache': 'HIT',
441 silly get     'x-cache-hits': '1',
441 silly get     'x-timer': 'S1436786587.067113,VS0,VE1',
441 silly get     vary: 'Accept' } ]
442 silly cache afterAdd grunt-contrib-imagemin@0.8.1
443 verbose afterAdd /home/miguel/.npm/grunt-contrib-imagemin/0.8.1/package/package.json not in flight; writing
444 verbose afterAdd /home/miguel/.npm/grunt-contrib-imagemin/0.8.1/package/package.json written
445 silly addNameRange number 2 { name: 'grunt-contrib-watch',
445 silly addNameRange   range: '>=0.6.1 <0.7.0',
445 silly addNameRange   hasData: true }
446 silly addNameRange versions [ 'grunt-contrib-watch',
446 silly addNameRange   [ '0.1.0',
446 silly addNameRange     '0.1.1',
446 silly addNameRange     '0.1.2',
446 silly addNameRange     '0.1.3',
446 silly addNameRange     '0.1.4',
446 silly addNameRange     '0.2.0',
446 silly addNameRange     '0.3.0',
446 silly addNameRange     '0.3.1',
446 silly addNameRange     '0.4.0',
446 silly addNameRange     '0.4.1',
446 silly addNameRange     '0.4.2',
446 silly addNameRange     '0.4.3',
446 silly addNameRange     '0.4.4',
446 silly addNameRange     '0.5.0',
446 silly addNameRange     '0.5.1',
446 silly addNameRange     '0.5.2',
446 silly addNameRange     '0.5.3',
446 silly addNameRange     '0.6.0',
446 silly addNameRange     '0.6.1',
446 silly addNameRange     '0.2.0-a',
446 silly addNameRange     '0.2.0-rc5',
446 silly addNameRange     '0.2.0-rc7' ] ]
447 verbose addNamed grunt-contrib-watch@0.6.1
448 silly addNamed semver.valid 0.6.1
449 silly addNamed semver.validRange 0.6.1
450 http 200 https://registry.npmjs.org/grunt-contrib-uglify
451 silly get cb [ 200,
451 silly get   { server: 'CouchDB/1.5.0 (Erlang OTP/R16B03)',
451 silly get     etag: '"A7WD4IK1JF2GMMQ5TV2RZNBS1"',
451 silly get     'content-type': 'application/json',
451 silly get     'cache-control': 'max-age=60',
451 silly get     'content-length': '65806',
451 silly get     'accept-ranges': 'bytes',
451 silly get     date: 'Mon, 13 Jul 2015 11:23:07 GMT',
451 silly get     via: '1.1 varnish',
451 silly get     age: '54',
451 silly get     connection: 'keep-alive',
451 silly get     'x-served-by': 'cache-lhr6322-LHR',
451 silly get     'x-cache': 'HIT',
451 silly get     'x-cache-hits': '1',
451 silly get     'x-timer': 'S1436786587.069301,VS0,VE1',
451 silly get     vary: 'Accept' } ]
452 http 200 https://registry.npmjs.org/grunt-autoprefixer
453 silly get cb [ 200,
453 silly get   { server: 'CouchDB/1.5.0 (Erlang OTP/R16B03)',
453 silly get     etag: '"BN4ZVSSHTYQXHF9J0BLU6K8Y8"',
453 silly get     'content-type': 'application/json',
453 silly get     'cache-control': 'max-age=60',
453 silly get     'content-length': '61641',
453 silly get     'accept-ranges': 'bytes',
453 silly get     date: 'Mon, 13 Jul 2015 11:23:07 GMT',
453 silly get     via: '1.1 varnish',
453 silly get     age: '0',
453 silly get     connection: 'keep-alive',
453 silly get     'x-served-by': 'cache-lcy1129-LCY',
453 silly get     'x-cache': 'HIT',
453 silly get     'x-cache-hits': '1',
453 silly get     'x-timer': 'S1436786586.980236,VS0,VE86',
453 silly get     vary: 'Accept' } ]
454 http 200 https://registry.npmjs.org/grunt-concurrent
455 silly get cb [ 200,
455 silly get   { server: 'CouchDB/1.5.0 (Erlang OTP/R16B03)',
455 silly get     etag: '"9RZGGYPW7B4ME27N9TUM8X1LZ"',
455 silly get     'content-type': 'application/json',
455 silly get     'cache-control': 'max-age=60',
455 silly get     'content-length': '19742',
455 silly get     'accept-ranges': 'bytes',
455 silly get     date: 'Mon, 13 Jul 2015 11:23:07 GMT',
455 silly get     via: '1.1 varnish',
455 silly get     age: '26',
455 silly get     connection: 'keep-alive',
455 silly get     'x-served-by': 'cache-lhr6335-LHR',
455 silly get     'x-cache': 'HIT',
455 silly get     'x-cache-hits': '1',
455 silly get     'x-timer': 'S1436786587.127857,VS0,VE0',
455 silly get     vary: 'Accept' } ]
456 http 200 https://registry.npmjs.org/grunt-contrib-htmlmin
457 silly get cb [ 200,
457 silly get   { server: 'CouchDB/1.5.0 (Erlang OTP/R16B03)',
457 silly get     etag: '"AZ24ANR8WWS6AAAS2RHOGCMZ8"',
457 silly get     'content-type': 'application/json',
457 silly get     'cache-control': 'max-age=60',
457 silly get     'content-length': '17238',
457 silly get     'accept-ranges': 'bytes',
457 silly get     date: 'Mon, 13 Jul 2015 11:23:07 GMT',
457 silly get     via: '1.1 varnish',
457 silly get     age: '21',
457 silly get     connection: 'keep-alive',
457 silly get     'x-served-by': 'cache-lhr6322-LHR',
457 silly get     'x-cache': 'HIT',
457 silly get     'x-cache-hits': '1',
457 silly get     'x-timer': 'S1436786587.149612,VS0,VE1',
457 silly get     vary: 'Accept' } ]
458 silly addNameRange number 2 { name: 'grunt-contrib-uglify',
458 silly addNameRange   range: '>=0.4.0 <0.5.0',
458 silly addNameRange   hasData: true }
459 silly addNameRange versions [ 'grunt-contrib-uglify',
459 silly addNameRange   [ '0.1.0',
459 silly addNameRange     '0.1.1',
459 silly addNameRange     '0.1.2',
459 silly addNameRange     '0.2.0',
459 silly addNameRange     '0.2.1',
459 silly addNameRange     '0.2.2',
459 silly addNameRange     '0.2.3',
459 silly addNameRange     '0.2.4',
459 silly addNameRange     '0.2.5',
459 silly addNameRange     '0.2.6',
459 silly addNameRange     '0.2.7',
459 silly addNameRange     '0.3.0',
459 silly addNameRange     '0.3.1',
459 silly addNameRange     '0.1.1-rc5',
459 silly addNameRange     '0.1.1-rc6',
459 silly addNameRange     '0.3.2',
459 silly addNameRange     '0.3.3',
459 silly addNameRange     '0.4.0',
459 silly addNameRange     '0.5.0',
459 silly addNameRange     '0.4.1',
459 silly addNameRange     '0.5.1',
459 silly addNameRange     '0.6.0',
459 silly addNameRange     '0.7.0',
459 silly addNameRange     '0.8.0',
459 silly addNameRange     '0.8.1',
459 silly addNameRange     '0.9.0',
459 silly addNameRange     '0.9.1' ] ]
460 verbose addNamed grunt-contrib-uglify@0.4.1
461 silly addNamed semver.valid 0.4.1
462 silly addNamed semver.validRange 0.4.1
463 silly addNameRange number 2 { name: 'grunt-autoprefixer',
463 silly addNameRange   range: '>=0.7.3 <0.8.0',
463 silly addNameRange   hasData: true }
464 silly addNameRange versions [ 'grunt-autoprefixer',
464 silly addNameRange   [ '0.1.0',
464 silly addNameRange     '0.1.20130424',
464 silly addNameRange     '0.1.20130516',
464 silly addNameRange     '0.1.20130615',
464 silly addNameRange     '0.2.0',
464 silly addNameRange     '0.2.20130718',
464 silly addNameRange     '0.2.20130806',
464 silly addNameRange     '0.3.0',
464 silly addNameRange     '0.3.1',
464 silly addNameRange     '0.4.0',
464 silly addNameRange     '0.4.1',
464 silly addNameRange     '0.4.2',
464 silly addNameRange     '0.5.0',
464 silly addNameRange     '0.6.0',
464 silly addNameRange     '0.6.1',
464 silly addNameRange     '0.6.2',
464 silly addNameRange     '0.6.3',
464 silly addNameRange     '0.6.4',
464 silly addNameRange     '0.6.5',
464 silly addNameRange     '0.7.0',
464 silly addNameRange     '0.7.1',
464 silly addNameRange     '0.7.2',
464 silly addNameRange     '0.7.3',
464 silly addNameRange     '0.7.4',
464 silly addNameRange     '0.7.5',
464 silly addNameRange     '0.7.6',
464 silly addNameRange     '0.8.0',
464 silly addNameRange     '0.8.1',
464 silly addNameRange     '0.8.2',
464 silly addNameRange     '1.0.0',
464 silly addNameRange     '1.0.1',
464 silly addNameRange     '2.0.0',
464 silly addNameRange     '2.1.0',
464 silly addNameRange     '2.2.0',
464 silly addNameRange     '3.0.0',
464 silly addNameRange     '3.0.1',
464 silly addNameRange     '3.0.2',
464 silly addNameRange     '3.0.3' ] ]
465 verbose addNamed grunt-autoprefixer@0.7.6
466 silly addNamed semver.valid 0.7.6
467 silly addNamed semver.validRange 0.7.6
468 silly addNameRange number 2 { name: 'grunt-concurrent',
468 silly addNameRange   range: '>=0.5.0 <0.6.0',
468 silly addNameRange   hasData: true }
469 silly addNameRange versions [ 'grunt-concurrent',
469 silly addNameRange   [ '0.1.0',
469 silly addNameRange     '0.1.1',
469 silly addNameRange     '0.2.0',
469 silly addNameRange     '0.3.0',
469 silly addNameRange     '0.3.1',
469 silly addNameRange     '0.4.0',
469 silly addNameRange     '0.4.1',
469 silly addNameRange     '0.4.2',
469 silly addNameRange     '0.4.3',
469 silly addNameRange     '0.5.0',
469 silly addNameRange     '1.0.0',
469 silly addNameRange     '1.0.1',
469 silly addNameRange     '2.0.0' ] ]
470 verbose addNamed grunt-concurrent@0.5.0
471 silly addNamed semver.valid 0.5.0
472 silly addNamed semver.validRange 0.5.0
473 http 200 https://registry.npmjs.org/grunt-filerev
474 silly get cb [ 200,
474 silly get   { server: 'CouchDB/1.5.0 (Erlang OTP/R16B03)',
474 silly get     etag: '"F4OKDPJLOXWY1CJO8COQEIDCB"',
474 silly get     'content-type': 'application/json',
474 silly get     'cache-control': 'max-age=60',
474 silly get     'content-length': '24077',
474 silly get     'accept-ranges': 'bytes',
474 silly get     date: 'Mon, 13 Jul 2015 11:23:07 GMT',
474 silly get     via: '1.1 varnish',
474 silly get     age: '59',
474 silly get     connection: 'keep-alive',
474 silly get     'x-served-by': 'cache-lhr6335-LHR',
474 silly get     'x-cache': 'HIT',
474 silly get     'x-cache-hits': '1',
474 silly get     'x-timer': 'S1436786587.158748,VS0,VE0',
474 silly get     vary: 'Accept' } ]
475 silly cache afterAdd grunt-contrib-jshint@0.10.0
476 verbose afterAdd /home/miguel/.npm/grunt-contrib-jshint/0.10.0/package/package.json not in flight; writing
477 silly cache afterAdd grunt-contrib-concat@0.4.0
478 verbose afterAdd /home/miguel/.npm/grunt-contrib-concat/0.4.0/package/package.json not in flight; writing
479 http 200 https://registry.npmjs.org/jshint-stylish
480 silly get cb [ 200,
480 silly get   { server: 'CouchDB/1.5.0 (Erlang OTP/R16B03)',
480 silly get     etag: '"DOS3TL2LDR5679N0845Z2FB6I"',
480 silly get     'content-type': 'application/json',
480 silly get     'cache-control': 'max-age=60',
480 silly get     'content-length': '18698',
480 silly get     'accept-ranges': 'bytes',
480 silly get     date: 'Mon, 13 Jul 2015 11:23:07 GMT',
480 silly get     via: '1.1 varnish',
480 silly get     age: '38',
480 silly get     connection: 'keep-alive',
480 silly get     'x-served-by': 'cache-lhr6322-LHR',
480 silly get     'x-cache': 'HIT',
480 silly get     'x-cache-hits': '1',
480 silly get     'x-timer': 'S1436786587.177743,VS0,VE0',
480 silly get     vary: 'Accept' } ]
481 silly cache afterAdd grunt-autoprefixer@0.7.6
482 verbose afterAdd /home/miguel/.npm/grunt-autoprefixer/0.7.6/package/package.json not in flight; writing
483 silly cache afterAdd grunt-contrib-cssmin@0.9.0
484 verbose afterAdd /home/miguel/.npm/grunt-contrib-cssmin/0.9.0/package/package.json not in flight; writing
485 silly addNameRange number 2 { name: 'grunt-contrib-htmlmin',
485 silly addNameRange   range: '>=0.3.0 <0.4.0',
485 silly addNameRange   hasData: true }
486 silly addNameRange versions [ 'grunt-contrib-htmlmin',
486 silly addNameRange   [ '0.1.0',
486 silly addNameRange     '0.1.1',
486 silly addNameRange     '0.1.2',
486 silly addNameRange     '0.1.3',
486 silly addNameRange     '0.1.1-rc7',
486 silly addNameRange     '0.2.0',
486 silly addNameRange     '0.3.0',
486 silly addNameRange     '0.4.0' ] ]
487 verbose addNamed grunt-contrib-htmlmin@0.3.0
488 silly addNamed semver.valid 0.3.0
489 silly addNamed semver.validRange 0.3.0
490 verbose afterAdd /home/miguel/.npm/grunt-contrib-jshint/0.10.0/package/package.json written
491 verbose afterAdd /home/miguel/.npm/grunt-contrib-concat/0.4.0/package/package.json written
492 silly addNameRange number 2 { name: 'grunt-filerev', range: '>=0.2.1 <0.3.0', hasData: true }
493 silly addNameRange versions [ 'grunt-filerev',
493 silly addNameRange   [ '0.1.0',
493 silly addNameRange     '0.1.1',
493 silly addNameRange     '0.1.2',
493 silly addNameRange     '0.2.0',
493 silly addNameRange     '0.2.1',
493 silly addNameRange     '1.1.0',
493 silly addNameRange     '2.0.0',
493 silly addNameRange     '2.1.0',
493 silly addNameRange     '2.1.1',
493 silly addNameRange     '2.1.2',
493 silly addNameRange     '2.2.0',
493 silly addNameRange     '2.3.0',
493 silly addNameRange     '2.3.1' ] ]
494 verbose addNamed grunt-filerev@0.2.1
495 silly addNamed semver.valid 0.2.1
496 silly addNamed semver.validRange 0.2.1
497 verbose afterAdd /home/miguel/.npm/grunt-autoprefixer/0.7.6/package/package.json written
498 verbose afterAdd /home/miguel/.npm/grunt-contrib-cssmin/0.9.0/package/package.json written
499 silly addNameRange number 2 { name: 'jshint-stylish',
499 silly addNameRange   range: '>=0.2.0 <0.3.0',
499 silly addNameRange   hasData: true }
500 silly addNameRange versions [ 'jshint-stylish',
500 silly addNameRange   [ '0.1.0',
500 silly addNameRange     '0.1.1',
500 silly addNameRange     '0.1.2',
500 silly addNameRange     '0.1.3',
500 silly addNameRange     '0.1.4',
500 silly addNameRange     '0.1.5',
500 silly addNameRange     '0.2.0',
500 silly addNameRange     '0.3.0',
500 silly addNameRange     '0.4.0',
500 silly addNameRange     '1.0.0',
500 silly addNameRange     '1.0.1',
500 silly addNameRange     '1.0.2',
500 silly addNameRange     '2.0.0',
500 silly addNameRange     '2.0.1' ] ]
501 verbose addNamed jshint-stylish@0.2.0
502 silly addNamed semver.valid 0.2.0
503 silly addNamed semver.validRange 0.2.0
504 silly cache afterAdd grunt-concurrent@0.5.0
505 verbose afterAdd /home/miguel/.npm/grunt-concurrent/0.5.0/package/package.json not in flight; writing
506 http 304 https://registry.npmjs.org/grunt-newer
507 silly get cb [ 304,
507 silly get   { date: 'Mon, 13 Jul 2015 11:23:07 GMT',
507 silly get     via: '1.1 varnish',
507 silly get     'cache-control': 'max-age=60',
507 silly get     etag: '"E47FNUIE3MBKI3MRN9764I3E9"',
507 silly get     age: '21',
507 silly get     connection: 'keep-alive',
507 silly get     'x-served-by': 'cache-lhr6335-LHR',
507 silly get     'x-cache': 'HIT',
507 silly get     'x-cache-hits': '1',
507 silly get     'x-timer': 'S1436786587.194952,VS0,VE1',
507 silly get     vary: 'Accept' } ]
508 verbose etag https://registry.npmjs.org/grunt-newer from cache
509 silly cache afterAdd grunt-filerev@0.2.1
510 verbose afterAdd /home/miguel/.npm/grunt-filerev/0.2.1/package/package.json not in flight; writing
511 verbose afterAdd /home/miguel/.npm/grunt-concurrent/0.5.0/package/package.json written
512 silly cache afterAdd grunt-contrib-uglify@0.4.1
513 verbose afterAdd /home/miguel/.npm/grunt-contrib-uglify/0.4.1/package/package.json not in flight; writing
514 verbose afterAdd /home/miguel/.npm/grunt-filerev/0.2.1/package/package.json written
515 silly addNameRange number 2 { name: 'grunt-newer', range: '>=0.7.0 <0.8.0', hasData: true }
516 silly addNameRange versions [ 'grunt-newer',
516 silly addNameRange   [ '0.1.0',
516 silly addNameRange     '0.2.0',
516 silly addNameRange     '0.3.1',
516 silly addNameRange     '0.4.0',
516 silly addNameRange     '0.4.1',
516 silly addNameRange     '0.5.0',
516 silly addNameRange     '0.5.1',
516 silly addNameRange     '0.5.2',
516 silly addNameRange     '0.5.3',
516 silly addNameRange     '0.5.4',
516 silly addNameRange     '0.6.0',
516 silly addNameRange     '0.6.1',
516 silly addNameRange     '0.7.0',
516 silly addNameRange     '0.8.0',
516 silly addNameRange     '1.0.0',
516 silly addNameRange     '1.1.0',
516 silly addNameRange     '1.1.1' ] ]
517 verbose addNamed grunt-newer@0.7.0
518 silly addNamed semver.valid 0.7.0
519 silly addNamed semver.validRange 0.7.0
520 verbose afterAdd /home/miguel/.npm/grunt-contrib-uglify/0.4.1/package/package.json written
521 silly cache afterAdd grunt-contrib-htmlmin@0.3.0
522 verbose afterAdd /home/miguel/.npm/grunt-contrib-htmlmin/0.3.0/package/package.json not in flight; writing
523 silly cache afterAdd grunt-newer@0.7.0
524 verbose afterAdd /home/miguel/.npm/grunt-newer/0.7.0/package/package.json not in flight; writing
525 verbose afterAdd /home/miguel/.npm/grunt-contrib-htmlmin/0.3.0/package/package.json written
526 verbose afterAdd /home/miguel/.npm/grunt-newer/0.7.0/package/package.json written
527 http 200 https://registry.npmjs.org/time-grunt
528 silly get cb [ 200,
528 silly get   { server: 'CouchDB/1.5.0 (Erlang OTP/R16B03)',
528 silly get     etag: '"3YHRA0UVE1XXKIWKPK9GOD809"',
528 silly get     'content-type': 'application/json',
528 silly get     'cache-control': 'max-age=60',
528 silly get     'content-length': '28000',
528 silly get     'accept-ranges': 'bytes',
528 silly get     date: 'Mon, 13 Jul 2015 11:23:07 GMT',
528 silly get     via: '1.1 varnish',
528 silly get     age: '38',
528 silly get     connection: 'keep-alive',
528 silly get     'x-served-by': 'cache-lhr6322-LHR',
528 silly get     'x-cache': 'HIT',
528 silly get     'x-cache-hits': '2',
528 silly get     'x-timer': 'S1436786587.206059,VS0,VE0',
528 silly get     vary: 'Accept' } ]
529 silly cache afterAdd grunt-contrib-watch@0.6.1
530 verbose afterAdd /home/miguel/.npm/grunt-contrib-watch/0.6.1/package/package.json not in flight; writing
531 verbose afterAdd /home/miguel/.npm/grunt-contrib-watch/0.6.1/package/package.json written
532 silly addNameRange number 2 { name: 'time-grunt', range: '>=0.3.1 <0.4.0', hasData: true }
533 silly addNameRange versions [ 'time-grunt',
533 silly addNameRange   [ '0.1.0',
533 silly addNameRange     '0.1.1',
533 silly addNameRange     '0.1.2',
533 silly addNameRange     '0.2.0',
533 silly addNameRange     '0.2.1',
533 silly addNameRange     '0.2.2',
533 silly addNameRange     '0.2.3',
533 silly addNameRange     '0.2.4',
533 silly addNameRange     '0.2.5',
533 silly addNameRange     '0.2.6',
533 silly addNameRange     '0.2.7',
533 silly addNameRange     '0.2.8',
533 silly addNameRange     '0.2.9',
533 silly addNameRange     '0.2.10',
533 silly addNameRange     '0.3.1',
533 silly addNameRange     '0.3.2',
533 silly addNameRange     '0.4.0',
533 silly addNameRange     '1.0.0',
533 silly addNameRange     '1.1.0',
533 silly addNameRange     '1.1.1',
533 silly addNameRange     '1.2.0',
533 silly addNameRange     '1.2.1' ] ]
534 verbose addNamed time-grunt@0.3.2
535 silly addNamed semver.valid 0.3.2
536 silly addNamed semver.validRange 0.3.2
537 silly cache afterAdd time-grunt@0.3.2
538 verbose afterAdd /home/miguel/.npm/time-grunt/0.3.2/package/package.json not in flight; writing
539 verbose afterAdd /home/miguel/.npm/time-grunt/0.3.2/package/package.json written
540 silly cache afterAdd jshint-stylish@0.2.0
541 verbose afterAdd /home/miguel/.npm/jshint-stylish/0.2.0/package/package.json not in flight; writing
542 verbose afterAdd /home/miguel/.npm/jshint-stylish/0.2.0/package/package.json written
543 http 200 https://registry.npmjs.org/grunt-usemin
544 silly get cb [ 200,
544 silly get   { server: 'CouchDB/1.5.0 (Erlang OTP/R16B03)',
544 silly get     etag: '"4EA7AANVP05DNW0EICI20VOZY"',
544 silly get     'content-type': 'application/json',
544 silly get     'cache-control': 'max-age=60',
544 silly get     'content-length': '60565',
544 silly get     'accept-ranges': 'bytes',
544 silly get     date: 'Mon, 13 Jul 2015 11:23:07 GMT',
544 silly get     via: '1.1 varnish',
544 silly get     age: '23',
544 silly get     connection: 'keep-alive',
544 silly get     'x-served-by': 'cache-lhr6335-LHR',
544 silly get     'x-cache': 'HIT',
544 silly get     'x-cache-hits': '2',
544 silly get     'x-timer': 'S1436786587.224068,VS0,VE0',
544 silly get     vary: 'Accept' } ]
545 silly addNameRange number 2 { name: 'grunt-usemin', range: '>=2.1.1 <3.0.0', hasData: true }
546 silly addNameRange versions [ 'grunt-usemin',
546 silly addNameRange   [ '0.1.0',
546 silly addNameRange     '0.1.1',
546 silly addNameRange     '0.1.2',
546 silly addNameRange     '0.1.5',
546 silly addNameRange     '0.1.6',
546 silly addNameRange     '0.1.7',
546 silly addNameRange     '0.1.8',
546 silly addNameRange     '0.1.9',
546 silly addNameRange     '0.1.4',
546 silly addNameRange     '0.1.10',
546 silly addNameRange     '0.1.11',
546 silly addNameRange     '0.1.12',
546 silly addNameRange     '0.1.13',
546 silly addNameRange     '2.0.0',
546 silly addNameRange     '2.0.1',
546 silly addNameRange     '2.0.2',
546 silly addNameRange     '2.1.0',
546 silly addNameRange     '2.1.1',
546 silly addNameRange     '2.2.0',
546 silly addNameRange     '2.3.0',
546 silly addNameRange     '2.4.0',
546 silly addNameRange     '2.5.0',
546 silly addNameRange     '2.5.1',
546 silly addNameRange     '2.6.0',
546 silly addNameRange     '2.6.1',
546 silly addNameRange     '2.6.2',
546 silly addNameRange     '3.0.0' ] ]
547 verbose addNamed grunt-usemin@2.6.2
548 silly addNamed semver.valid 2.6.2
549 silly addNamed semver.validRange 2.6.2
550 http 304 https://registry.npmjs.org/grunt-google-cdn
551 silly get cb [ 304,
551 silly get   { date: 'Mon, 13 Jul 2015 11:23:07 GMT',
551 silly get     via: '1.1 varnish',
551 silly get     'cache-control': 'max-age=60',
551 silly get     etag: '"98AMV143LFZ81CXMJP6SGCNQT"',
551 silly get     age: '0',
551 silly get     connection: 'keep-alive',
551 silly get     'x-served-by': 'cache-lcy1129-LCY',
551 silly get     'x-cache': 'HIT',
551 silly get     'x-cache-hits': '1',
551 silly get     'x-timer': 'S1436786587.154430,VS0,VE106',
551 silly get     vary: 'Accept' } ]
552 verbose etag https://registry.npmjs.org/grunt-google-cdn from cache
553 silly mapToRegistry name grunt-usemin
554 silly mapToRegistry using default registry
555 silly mapToRegistry registry https://registry.npmjs.org/
556 silly mapToRegistry uri https://registry.npmjs.org/grunt-usemin
557 verbose addRemoteTarball https://registry.npmjs.org/grunt-usemin/-/grunt-usemin-2.6.2.tgz not in flight; adding
558 verbose addRemoteTarball [ 'https://registry.npmjs.org/grunt-usemin/-/grunt-usemin-2.6.2.tgz',
558 verbose addRemoteTarball   '2b136ba02264a9a91d94d424c8d3726bd88db7da' ]
559 silly addNameRange number 2 { name: 'grunt-google-cdn',
559 silly addNameRange   range: '>=0.4.0 <0.5.0',
559 silly addNameRange   hasData: true }
560 silly addNameRange versions [ 'grunt-google-cdn',
560 silly addNameRange   [ '0.0.1',
560 silly addNameRange     '0.1.0',
560 silly addNameRange     '0.1.1',
560 silly addNameRange     '0.1.2',
560 silly addNameRange     '0.1.3',
560 silly addNameRange     '0.1.4',
560 silly addNameRange     '0.2.0',
560 silly addNameRange     '0.2.1',
560 silly addNameRange     '0.2.2',
560 silly addNameRange     '0.3.0',
560 silly addNameRange     '0.4.0',
560 silly addNameRange     '0.4.1',
560 silly addNameRange     '0.4.2',
560 silly addNameRange     '0.4.3' ] ]
561 verbose addNamed grunt-google-cdn@0.4.3
562 silly addNamed semver.valid 0.4.3
563 silly addNamed semver.validRange 0.4.3
564 info retry fetch attempt 1 at 13:23:07
565 info attempt registry request try #1 at 13:23:07
566 http fetch GET https://registry.npmjs.org/grunt-usemin/-/grunt-usemin-2.6.2.tgz
567 silly cache afterAdd grunt-google-cdn@0.4.3
568 verbose afterAdd /home/miguel/.npm/grunt-google-cdn/0.4.3/package/package.json not in flight; writing
569 verbose afterAdd /home/miguel/.npm/grunt-google-cdn/0.4.3/package/package.json written
570 http 200 https://registry.npmjs.org/grunt
571 silly get cb [ 200,
571 silly get   { server: 'CouchDB/1.5.0 (Erlang OTP/R16B03)',
571 silly get     etag: '"CVNJB3YPLK22KSGVENGGQIYP0"',
571 silly get     'content-type': 'application/json',
571 silly get     'cache-control': 'max-age=60',
571 silly get     'content-length': '89584',
571 silly get     'accept-ranges': 'bytes',
571 silly get     date: 'Mon, 13 Jul 2015 11:23:07 GMT',
571 silly get     via: '1.1 varnish',
571 silly get     age: '53',
571 silly get     connection: 'keep-alive',
571 silly get     'x-served-by': 'cache-lhr6322-LHR',
571 silly get     'x-cache': 'HIT',
571 silly get     'x-cache-hits': '3',
571 silly get     'x-timer': 'S1436786587.234453,VS0,VE0',
571 silly get     vary: 'Accept' } ]
572 http 200 https://registry.npmjs.org/load-grunt-tasks
573 silly get cb [ 200,
573 silly get   { server: 'CouchDB/1.5.0 (Erlang OTP/R16B03)',
573 silly get     etag: '"4F3JGSI5JIGAC5W63UR5HNK1"',
573 silly get     'content-type': 'application/json',
573 silly get     'cache-control': 'max-age=60',
573 silly get     'content-length': '23125',
573 silly get     'accept-ranges': 'bytes',
573 silly get     date: 'Mon, 13 Jul 2015 11:23:07 GMT',
573 silly get     via: '1.1 varnish',
573 silly get     age: '3',
573 silly get     connection: 'keep-alive',
573 silly get     'x-served-by': 'cache-lhr6335-LHR',
573 silly get     'x-cache': 'HIT',
573 silly get     'x-cache-hits': '1',
573 silly get     'x-timer': 'S1436786587.288919,VS0,VE0',
573 silly get     vary: 'Accept' } ]
574 silly addNameRange number 2 { name: 'grunt', range: '>=0.4.1 <0.5.0', hasData: true }
575 silly addNameRange versions [ 'grunt',
575 silly addNameRange   [ '0.1.0',
575 silly addNameRange     '0.1.1',
575 silly addNameRange     '0.1.2',
575 silly addNameRange     '0.2.0',
575 silly addNameRange     '0.2.1',
575 silly addNameRange     '0.2.2',
575 silly addNameRange     '0.2.3',
575 silly addNameRange     '0.2.4',
575 silly addNameRange     '0.2.5',
575 silly addNameRange     '0.2.6',
575 silly addNameRange     '0.2.7',
575 silly addNameRange     '0.2.8',
575 silly addNameRange     '0.2.9',
575 silly addNameRange     '0.2.10',
575 silly addNameRange     '0.2.11',
575 silly addNameRange     '0.2.12',
575 silly addNameRange     '0.2.13',
575 silly addNameRange     '0.2.14',
575 silly addNameRange     '0.2.15',
575 silly addNameRange     '0.3.0',
575 silly addNameRange     '0.3.1',
575 silly addNameRange     '0.3.2',
575 silly addNameRange     '0.3.3',
575 silly addNameRange     '0.3.4',
575 silly addNameRange     '0.3.5',
575 silly addNameRange     '0.3.6',
575 silly addNameRange     '0.3.7',
575 silly addNameRange     '0.3.8',
575 silly addNameRange     '0.3.9',
575 silly addNameRange     '0.3.10',
575 silly addNameRange     '0.3.11',
575 silly addNameRange     '0.3.12',
575 silly addNameRange     '0.3.13',
575 silly addNameRange     '0.3.14',
575 silly addNameRange     '0.3.15',
575 silly addNameRange     '0.3.16',
575 silly addNameRange     '0.3.17',
575 silly addNameRange     '0.4.0',
575 silly addNameRange     '0.4.1',
575 silly addNameRange     '0.4.2',
575 silly addNameRange     '0.4.3',
575 silly addNameRange     '0.4.4',
575 silly addNameRange     '0.4.5',
575 silly addNameRange     '0.3.13-a',
575 silly addNameRange     '0.4.0-a',
575 silly addNameRange     '0.4.0-rc1',
575 silly addNameRange     '0.4.0-rc2',
575 silly addNameRange     '0.4.0-rc3',
575 silly addNameRange     '0.4.0-rc4',
575 silly addNameRange     '0.4.0-rc5',
575 silly addNameRange     '0.4.0-rc6',
575 silly addNameRange     '0.4.0-rc7',
575 silly addNameRange     '0.4.0-rc8' ] ]
576 verbose addNamed grunt@0.4.5
577 silly addNamed semver.valid 0.4.5
578 silly addNamed semver.validRange 0.4.5
579 silly addNameRange number 2 { name: 'load-grunt-tasks',
579 silly addNameRange   range: '>=0.4.0 <0.5.0',
579 silly addNameRange   hasData: true }
580 silly addNameRange versions [ 'load-grunt-tasks',
580 silly addNameRange   [ '0.1.0',
580 silly addNameRange     '0.1.1',
580 silly addNameRange     '0.1.2',
580 silly addNameRange     '0.1.3',
580 silly addNameRange     '0.2.0',
580 silly addNameRange     '0.2.1',
580 silly addNameRange     '0.3.0',
580 silly addNameRange     '0.4.0',
580 silly addNameRange     '0.5.0',
580 silly addNameRange     '0.6.0',
580 silly addNameRange     '1.0.0',
580 silly addNameRange     '2.0.0',
580 silly addNameRange     '3.0.0',
580 silly addNameRange     '3.1.0',
580 silly addNameRange     '3.2.0' ] ]
581 verbose addNamed load-grunt-tasks@0.4.0
582 silly addNamed semver.valid 0.4.0
583 silly addNamed semver.validRange 0.4.0
584 http 200 https://registry.npmjs.org/grunt-ng-annotate
585 silly get cb [ 200,
585 silly get   { server: 'CouchDB/1.5.0 (Erlang OTP/R16B03)',
585 silly get     etag: '"49HUIE5X3K0LG2XDBIOHL2UT6"',
585 silly get     'content-type': 'application/json',
585 silly get     'cache-control': 'max-age=60',
585 silly get     'content-length': '42259',
585 silly get     'accept-ranges': 'bytes',
585 silly get     date: 'Mon, 13 Jul 2015 11:23:07 GMT',
585 silly get     via: '1.1 varnish',
585 silly get     age: '23',
585 silly get     connection: 'keep-alive',
585 silly get     'x-served-by': 'cache-lcy1129-LCY',
585 silly get     'x-cache': 'HIT',
585 silly get     'x-cache-hits': '1',
585 silly get     'x-timer': 'S1436786587.288772,VS0,VE1',
585 silly get     vary: 'Accept' } ]
586 silly cache afterAdd grunt@0.4.5
587 verbose afterAdd /home/miguel/.npm/grunt/0.4.5/package/package.json not in flight; writing
588 http 200 https://registry.npmjs.org/grunt-wiredep
589 silly get cb [ 200,
589 silly get   { server: 'CouchDB/1.5.0 (Erlang OTP/R16B03)',
589 silly get     etag: '"5YMYBGX3L4UIMNFCEED71FE7Z"',
589 silly get     'content-type': 'application/json',
589 silly get     'cache-control': 'max-age=60',
589 silly get     'content-length': '10681',
589 silly get     'accept-ranges': 'bytes',
589 silly get     date: 'Mon, 13 Jul 2015 11:23:07 GMT',
589 silly get     via: '1.1 varnish',
589 silly get     age: '39',
589 silly get     connection: 'keep-alive',
589 silly get     'x-served-by': 'cache-lhr6335-LHR',
589 silly get     'x-cache': 'HIT',
589 silly get     'x-cache-hits': '2',
589 silly get     'x-timer': 'S1436786587.324360,VS0,VE0',
589 silly get     vary: 'Accept' } ]
590 verbose afterAdd /home/miguel/.npm/grunt/0.4.5/package/package.json written
591 silly addNameRange number 2 { name: 'grunt-ng-annotate',
591 silly addNameRange   range: '>=0.3.0 <0.4.0',
591 silly addNameRange   hasData: true }
592 silly addNameRange versions [ 'grunt-ng-annotate',
592 silly addNameRange   [ '0.0.1',
592 silly addNameRange     '0.0.2',
592 silly addNameRange     '0.0.4',
592 silly addNameRange     '0.0.5',
592 silly addNameRange     '0.0.6',
592 silly addNameRange     '0.0.7',
592 silly addNameRange     '0.0.8',
592 silly addNameRange     '0.1.0',
592 silly addNameRange     '0.2.0',
592 silly addNameRange     '0.2.1',
592 silly addNameRange     '0.2.2',
592 silly addNameRange     '0.2.3',
592 silly addNameRange     '0.3.0',
592 silly addNameRange     '0.3.1',
592 silly addNameRange     '0.3.2',
592 silly addNameRange     '0.4.0',
592 silly addNameRange     '0.5.0',
592 silly addNameRange     '0.6.0',
592 silly addNameRange     '0.7.0',
592 silly addNameRange     '0.8.0',
592 silly addNameRange     '0.9.0',
592 silly addNameRange     '0.9.1',
592 silly addNameRange     '0.9.2',
592 silly addNameRange     '0.10.0',
592 silly addNameRange     '1.0.0',
592 silly addNameRange     '1.0.1' ] ]
593 verbose addNamed grunt-ng-annotate@0.3.2
594 silly addNamed semver.valid 0.3.2
595 silly addNamed semver.validRange 0.3.2
596 silly addNameRange number 2 { name: 'grunt-wiredep', range: '>=1.7.0 <2.0.0', hasData: true }
597 silly addNameRange versions [ 'grunt-wiredep',
597 silly addNameRange   [ '1.7.0', '1.7.1', '1.8.0', '1.9.0', '2.0.0' ] ]
598 verbose addNamed grunt-wiredep@1.9.0
599 silly addNamed semver.valid 1.9.0
600 silly addNamed semver.validRange 1.9.0
601 silly cache afterAdd load-grunt-tasks@0.4.0
602 verbose afterAdd /home/miguel/.npm/load-grunt-tasks/0.4.0/package/package.json not in flight; writing
603 silly cache afterAdd grunt-ng-annotate@0.3.2
604 verbose afterAdd /home/miguel/.npm/grunt-ng-annotate/0.3.2/package/package.json not in flight; writing
605 verbose afterAdd /home/miguel/.npm/load-grunt-tasks/0.4.0/package/package.json written
606 silly cache afterAdd grunt-wiredep@1.9.0
607 verbose afterAdd /home/miguel/.npm/grunt-wiredep/1.9.0/package/package.json not in flight; writing
608 verbose afterAdd /home/miguel/.npm/grunt-ng-annotate/0.3.2/package/package.json written
609 verbose afterAdd /home/miguel/.npm/grunt-wiredep/1.9.0/package/package.json written
610 http 200 https://registry.npmjs.org/grunt-contrib-copy
611 silly get cb [ 200,
611 silly get   { server: 'CouchDB/1.5.0 (Erlang OTP/R16B03)',
611 silly get     etag: '"6AP11BYFAUTO2KJVRSF7YLXW9"',
611 silly get     'content-type': 'application/json',
611 silly get     'cache-control': 'max-age=60',
611 silly get     'content-length': '32814',
611 silly get     'accept-ranges': 'bytes',
611 silly get     date: 'Mon, 13 Jul 2015 11:23:07 GMT',
611 silly get     via: '1.1 varnish',
611 silly get     age: '0',
611 silly get     connection: 'keep-alive',
611 silly get     'x-served-by': 'cache-lcy1124-LCY',
611 silly get     'x-cache': 'HIT',
611 silly get     'x-cache-hits': '1',
611 silly get     'x-timer': 'S1436786587.113886,VS0,VE178',
611 silly get     vary: 'Accept' } ]
612 silly addNameRange number 2 { name: 'grunt-contrib-copy',
612 silly addNameRange   range: '>=0.5.0 <0.6.0',
612 silly addNameRange   hasData: true }
613 silly addNameRange versions [ 'grunt-contrib-copy',
613 silly addNameRange   [ '0.2.0',
613 silly addNameRange     '0.2.1',
613 silly addNameRange     '0.2.2',
613 silly addNameRange     '0.2.3',
613 silly addNameRange     '0.2.4',
613 silly addNameRange     '0.3.0',
613 silly addNameRange     '0.3.1',
613 silly addNameRange     '0.3.2',
613 silly addNameRange     '0.4.0',
613 silly addNameRange     '0.4.1',
613 silly addNameRange     '0.5.0',
613 silly addNameRange     '0.6.0',
613 silly addNameRange     '0.7.0',
613 silly addNameRange     '0.8.0',
613 silly addNameRange     '0.4.0-rc7' ] ]
614 verbose addNamed grunt-contrib-copy@0.5.0
615 silly addNamed semver.valid 0.5.0
616 silly addNamed semver.validRange 0.5.0
617 http fetch 200 https://registry.npmjs.org/grunt-usemin/-/grunt-usemin-2.6.2.tgz
618 silly fetchAndShaCheck shasum 2b136ba02264a9a91d94d424c8d3726bd88db7da
619 verbose addTmpTarball /tmp/npm-7225-90a2155b/registry.npmjs.org/grunt-usemin/-/grunt-usemin-2.6.2.tgz not in flight; adding
620 verbose addTmpTarball already have metadata; skipping unpack for grunt-usemin@2.6.2
621 silly cache afterAdd grunt-contrib-copy@0.5.0
622 verbose afterAdd /home/miguel/.npm/grunt-contrib-copy/0.5.0/package/package.json not in flight; writing
623 verbose afterAdd /home/miguel/.npm/grunt-contrib-copy/0.5.0/package/package.json written
624 http 200 https://registry.npmjs.org/grunt-svgmin
625 silly get cb [ 200,
625 silly get   { server: 'CouchDB/1.5.0 (Erlang OTP/R16B03)',
625 silly get     etag: '"9FSKI3RKKA2AM5U24KKGPKHTR"',
625 silly get     'content-type': 'application/json',
625 silly get     'cache-control': 'max-age=60',
625 silly get     'content-length': '14009',
625 silly get     'accept-ranges': 'bytes',
625 silly get     date: 'Mon, 13 Jul 2015 11:23:07 GMT',
625 silly get     via: '1.1 varnish',
625 silly get     age: '0',
625 silly get     connection: 'keep-alive',
625 silly get     'x-served-by': 'cache-lhr6322-LHR',
625 silly get     'x-cache': 'HIT',
625 silly get     'x-cache-hits': '1',
625 silly get     'x-timer': 'S1436786587.310471,VS0,VE172',
625 silly get     vary: 'Accept' } ]
626 silly addNameRange number 2 { name: 'grunt-svgmin', range: '>=0.4.0 <0.5.0', hasData: true }
627 silly addNameRange versions [ 'grunt-svgmin',
627 silly addNameRange   [ '0.1.0',
627 silly addNameRange     '0.2.0',
627 silly addNameRange     '0.2.1',
627 silly addNameRange     '0.3.0',
627 silly addNameRange     '0.3.1',
627 silly addNameRange     '0.4.0',
627 silly addNameRange     '1.0.0',
627 silly addNameRange     '2.0.0',
627 silly addNameRange     '2.0.1' ] ]
628 verbose addNamed grunt-svgmin@0.4.0
629 silly addNamed semver.valid 0.4.0
630 silly addNamed semver.validRange 0.4.0
631 silly cache afterAdd grunt-svgmin@0.4.0
632 verbose afterAdd /home/miguel/.npm/grunt-svgmin/0.4.0/package/package.json not in flight; writing
633 verbose afterAdd /home/miguel/.npm/grunt-svgmin/0.4.0/package/package.json written
634 http 200 https://registry.npmjs.org/grunt-contrib-clean
635 silly get cb [ 200,
635 silly get   { server: 'CouchDB/1.5.0 (Erlang OTP/R16B03)',
635 silly get     etag: '"2FBLHFZX5VK8P9YZ36QGSJQXV"',
635 silly get     'content-type': 'application/json',
635 silly get     'cache-control': 'max-age=60',
635 silly get     'content-length': '23504',
635 silly get     'accept-ranges': 'bytes',
635 silly get     date: 'Mon, 13 Jul 2015 11:23:07 GMT',
635 silly get     via: '1.1 varnish',
635 silly get     age: '0',
635 silly get     connection: 'keep-alive',
635 silly get     'x-served-by': 'cache-lhr6326-LHR',
635 silly get     'x-cache': 'HIT',
635 silly get     'x-cache-hits': '1',
635 silly get     'x-timer': 'S1436786587.113860,VS0,VE620',
635 silly get     vary: 'Accept' } ]
636 silly addNameRange number 2 { name: 'grunt-contrib-clean',
636 silly addNameRange   range: '>=0.5.0 <0.6.0',
636 silly addNameRange   hasData: true }
637 silly addNameRange versions [ 'grunt-contrib-clean',
637 silly addNameRange   [ '0.1.0',
637 silly addNameRange     '0.2.0',
637 silly addNameRange     '0.3.0',
637 silly addNameRange     '0.3.1',
637 silly addNameRange     '0.3.2',
637 silly addNameRange     '0.4.0',
637 silly addNameRange     '0.4.1',
637 silly addNameRange     '0.5.0',
637 silly addNameRange     '0.6.0',
637 silly addNameRange     '0.4.0-a',
637 silly addNameRange     '0.4.0-rc5',
637 silly addNameRange     '0.4.0-rc6' ] ]
638 verbose addNamed grunt-contrib-clean@0.5.0
639 silly addNamed semver.valid 0.5.0
640 silly addNamed semver.validRange 0.5.0
641 silly cache afterAdd grunt-contrib-clean@0.5.0
642 verbose afterAdd /home/miguel/.npm/grunt-contrib-clean/0.5.0/package/package.json not in flight; writing
643 verbose afterAdd /home/miguel/.npm/grunt-contrib-clean/0.5.0/package/package.json written
644 verbose stack Error: EACCES, mkdir '/home/miguel/.npm/grunt-usemin/2.6.2'
645 verbose cwd /home/miguel/DeusCoNWeT/src/static
646 error Linux 3.13.0-55-generic
647 error argv "node" "/usr/local/bin/npm" "install"
648 error node v0.10.29
649 error npm  v2.1.10
650 error path /home/miguel/.npm/grunt-usemin/2.6.2
651 error code EACCES
652 error errno 3
653 error Error: EACCES, mkdir '/home/miguel/.npm/grunt-usemin/2.6.2'
653 error  { [Error: EACCES, mkdir '/home/miguel/.npm/grunt-usemin/2.6.2']
653 error   errno: 3,
653 error   code: 'EACCES',
653 error   path: '/home/miguel/.npm/grunt-usemin/2.6.2',
653 error   parent: 'prueba' }
654 error Please try running this command again as root/Administrator.
655 verbose exit [ 3, true ]
